<?xml version="1.0" encoding="UTF-8"?>
<testsuite xmlns:xsi="http://www.w3.org/2001/XMLSchema-instance" xsi:noNamespaceSchemaLocation="https://maven.apache.org/surefire/maven-surefire-plugin/xsd/surefire-test-report.xsd" name="ru.netology.Radio100Test" time="0.149" tests="31" errors="0" skipped="0" failures="0">
  <properties>
[...]
</properties>
  <testcase name="Sound0" classname="ru.netology.Radio100Test" time="0.042"/>
  <testcase name="minSound" classname="ru.netology.Radio100Test" time="0.001"/>
  <testcase name="increaseStation0" classname="ru.netology.Radio100Test" time="0"/>
  <testcase name="increaseStation8" classname="ru.netology.Radio100Test" time="0"/>
  <testcase name="increaseStation9" classname="ru.netology.Radio100Test" time="0"/>
  <testcase name="increaseSoundMax" classname="ru.netology.Radio100Test" time="0"/>
  <testcase name="increaseSound" classname="ru.netology.Radio100Test" time="0"/>
  <testcase name="maxStation" classname="ru.netology.Radio100Test" time="0"/>
  <testcase name="Sound11" classname="ru.netology.Radio100Test" time="0"/>
  <testcase name="Sound_1" classname="ru.netology.Radio100Test" time="0"/>
  <testcase name="reduceSound0" classname="ru.netology.Radio100Test" time="0"/>
  <testcase name="reduceSound5" classname="ru.netology.Radio100Test" time="0"/>
  <testcase name="reduceSound9" classname="ru.netology.Radio100Test" time="0"/>
  <testcase name="Station10" classname="ru.netology.Radio100Test" time="0"/>
  <testcase name="Station_1" classname="ru.netology.Radio100Test" time="0"/>
  <testcase name="reduceStation0" classname="ru.netology.Radio100Test" time="0"/>
  <testcase name="reduceStation1" classname="ru.netology.Radio100Test" time="0"/>
  <testcase name="reduceStation5" classname="ru.netology.Radio100Test" time="0"/>
  <testcase name="reduceStation9" classname="ru.netology.Radio100Test" time="0.001"/>
  <testcase name="increaseSound0" classname="ru.netology.Radio100Test" time="0.001"/>
  <testcase name="maxSound" classname="ru.netology.Radio100Test" time="0"/>
  <testcase name="currentStation" classname="ru.netology.Radio100Test" time="0.022"/>
  <testcase name="reduceSound" classname="ru.netology.Radio100Test" time="0"/>
  <testcase name="reduceSound10" classname="ru.netology.Radio100Test" time="0"/>
  <testcase name="Station1" classname="ru.netology.Radio100Test" time="0"/>
  <testcase name="reduceStation" classname="ru.netology.Radio100Test" time="0"/>
  <testcase name="currentSound" classname="ru.netology.Radio100Test" time="0"/>
  <testcase name="increaseSound10" classname="ru.netology.Radio100Test" time="0"/>
  <testcase name="minStation" classname="ru.netology.Radio100Test" time="0"/>
  <testcase name="increaseStation" classname="ru.netology.Radio100Test" time="0"/>
  <testcase name="StationMax" classname="ru.netology.Radio100Test" time="0"/>
</testsuite>