<?xml version="1.0" encoding="UTF-8"?>
<testsuite xmlns:xsi="http://www.w3.org/2001/XMLSchema-instance" xsi:noNamespaceSchemaLocation="https://maven.apache.org/surefire/maven-surefire-plugin/xsd/surefire-test-report.xsd" name="ru.netology.Radio100Test" time="0.174" tests="20" errors="0" skipped="0" failures="0">
  <properties>
[...]
</properties>
  <testcase name="minSound" classname="ru.netology.Radio100Test" time="0.142"/>
  <testcase name="increaseSoundMax" classname="ru.netology.Radio100Test" time="0"/>
  <testcase name="increaseSound" classname="ru.netology.Radio100Test" time="0"/>
  <testcase name="Sound11" classname="ru.netology.Radio100Test" time="0"/>
  <testcase name="Sound_1" classname="ru.netology.Radio100Test" time="0"/>
  <testcase name="reduceSound1" classname="ru.netology.Radio100Test" time="0"/>
  <testcase name="reduceSound2" classname="ru.netology.Radio100Test" time="0"/>
  <testcase name="reduceSound3" classname="ru.netology.Radio100Test" time="0"/>
  <testcase name="reduceSound4" classname="ru.netology.Radio100Test" time="0"/>
  <testcase name="reduceSound5" classname="ru.netology.Radio100Test" time="0"/>
  <testcase name="reduceSound6" classname="ru.netology.Radio100Test" time="0"/>
  <testcase name="reduceSound7" classname="ru.netology.Radio100Test" time="0"/>
  <testcase name="reduceSound8" classname="ru.netology.Radio100Test" time="0"/>
  <testcase name="reduceSound9" classname="ru.netology.Radio100Test" time="0"/>
  <testcase name="increaseSound0" classname="ru.netology.Radio100Test" time="0"/>
  <testcase name="increaseSound9" classname="ru.netology.Radio100Test" time="0"/>
  <testcase name="maxSound" classname="ru.netology.Radio100Test" time="0"/>
  <testcase name="reduceSoundMax" classname="ru.netology.Radio100Test" time="0"/>
  <testcase name="reduceSoundMin" classname="ru.netology.Radio100Test" time="0"/>
  <testcase name="currentSound" classname="ru.netology.Radio100Test" time="0"/>
</testsuite>